<?xml version="1.0" encoding="UTF-8"?>
<!-- Generated by org.testng.reporters.JUnitReportReporter -->
<testsuite hostname="ramZs-MacBook-Air.local" failures="0" tests="5" name="testCases.TC_003_LoginDataDrivenTest" time="42.240" errors="0" timestamp="2023-09-04T17:51:34 CEST" skipped="0">
  <testcase classname="testCases.TC_003_LoginDataDrivenTest" name="test_Login" time="3.450"/>
  <testcase classname="testCases.TC_003_LoginDataDrivenTest" name="test_Login" time="3.686"/>
  <testcase classname="testCases.TC_003_LoginDataDrivenTest" name="test_Login" time="11.351"/>
  <testcase classname="testCases.TC_003_LoginDataDrivenTest" name="test_Login" time="11.867"/>
  <testcase classname="testCases.TC_003_LoginDataDrivenTest" name="test_Login" time="11.886"/>
</testsuite> <!-- testCases.TC_003_LoginDataDrivenTest -->
